c:\matam\ex4\ex4\client\debug\vc142.pdb
c:\matam\ex4\ex4\client\debug\vc142.idb
c:\matam\ex4\ex4\client\debug\main.obj
c:\matam\ex4\ex4\client\debug\log.obj
c:\matam\ex4\ex4\client\debug\client.ilk
c:\matam\ex4\ex4\debug\client.exe
c:\matam\ex4\ex4\debug\client.pdb
c:\users\eyalb\source\repos\ex4_315696948_203970413\client\debug\log.obj
c:\users\eyalb\source\repos\ex4_315696948_203970413\client\debug\main.obj
c:\users\eyalb\source\repos\ex4_315696948_203970413\client\debug\client.ilk
c:\users\eyalb\source\repos\ex4_315696948_203970413\client\debug\vc142.idb
c:\users\eyalb\source\repos\ex4_315696948_203970413\client\debug\vc142.pdb
c:\users\eyalb\source\repos\ex4_315696948_203970413\debug\client.pdb
c:\users\eyalb\source\repos\ex4_315696948_203970413\debug\client.exe
c:\users\eyalb\source\repos\ex4_315696948_203970413\client\debug\client.tlog\cl.command.1.tlog
c:\users\eyalb\source\repos\ex4_315696948_203970413\client\debug\client.tlog\cl.read.1.tlog
c:\users\eyalb\source\repos\ex4_315696948_203970413\client\debug\client.tlog\cl.write.1.tlog
c:\users\eyalb\source\repos\ex4_315696948_203970413\client\debug\client.tlog\link.command.1.tlog
c:\users\eyalb\source\repos\ex4_315696948_203970413\client\debug\client.tlog\link.read.1.tlog
c:\users\eyalb\source\repos\ex4_315696948_203970413\client\debug\client.tlog\link.write.1.tlog
