c:\matam\ex4\ex4\server\debug\vc142.pdb
c:\matam\ex4\ex4\server\debug\vc142.idb
c:\matam\ex4\ex4\server\debug\service_thread.obj
c:\matam\ex4\ex4\server\debug\mainserver.obj
c:\matam\ex4\ex4\server\debug\main.obj
c:\matam\ex4\ex4\server\debug\log.obj
c:\matam\ex4\ex4\server\debug\global.obj
c:\matam\ex4\ex4\server\debug\server.ilk
c:\matam\ex4\ex4\debug\server.exe
c:\matam\ex4\ex4\debug\server.pdb
c:\users\eyalb\source\repos\ex4_315696948_203970413\server\debug\global.obj
c:\users\eyalb\source\repos\ex4_315696948_203970413\server\debug\log.obj
c:\users\eyalb\source\repos\ex4_315696948_203970413\server\debug\main.obj
c:\users\eyalb\source\repos\ex4_315696948_203970413\server\debug\mainserver.obj
c:\users\eyalb\source\repos\ex4_315696948_203970413\server\debug\service_thread.obj
c:\users\eyalb\source\repos\ex4_315696948_203970413\server\debug\server.ilk
c:\users\eyalb\source\repos\ex4_315696948_203970413\server\debug\vc142.idb
c:\users\eyalb\source\repos\ex4_315696948_203970413\server\debug\vc142.pdb
c:\users\eyalb\source\repos\ex4_315696948_203970413\debug\server.pdb
c:\users\eyalb\source\repos\ex4_315696948_203970413\debug\server.exe
c:\users\eyalb\source\repos\ex4_315696948_203970413\server\debug\server.tlog\cl.command.1.tlog
c:\users\eyalb\source\repos\ex4_315696948_203970413\server\debug\server.tlog\cl.read.1.tlog
c:\users\eyalb\source\repos\ex4_315696948_203970413\server\debug\server.tlog\cl.write.1.tlog
c:\users\eyalb\source\repos\ex4_315696948_203970413\server\debug\server.tlog\link.command.1.tlog
c:\users\eyalb\source\repos\ex4_315696948_203970413\server\debug\server.tlog\link.read.1.tlog
c:\users\eyalb\source\repos\ex4_315696948_203970413\server\debug\server.tlog\link.write.1.tlog
